<?xml version="1.0" encoding="UTF-8"?>
<!-- Generated by org.testng.reporters.JUnitReportReporter -->
<testsuite hostname="ajay-PC" name="herokuapp.ValidateFooterLink" tests="4" failures="0" timestamp="2 Jul 2017 11:19:02 GMT" time="15.075" errors="0">
  <testcase name="launchApp" time="8.569" classname="herokuapp.ValidateFooterLink"/>
  <testcase name="closeBrowser" time="1.086" classname="herokuapp.ValidateFooterLink"/>
  <testcase name="verifyFooterLnk" time="5.411" classname="herokuapp.ValidateFooterLink"/>
  <testcase name="maximizeApp" time="0.009" classname="herokuapp.ValidateFooterLink"/>
</testsuite> <!-- herokuapp.ValidateFooterLink -->
