<?xml version="1.0" encoding="UTF-8"?>
<!-- Generated by org.testng.reporters.JUnitReportReporter -->
<testsuite hostname="ajay-PC" name="Scenario_Component.Scenario_Login" tests="8" failures="0" timestamp="19 May 2017 16:15:16 GMT" time="64.256" errors="0">
  <testcase name="testInvalidlogin" time="8.356" classname="Scenario_Component.Scenario_Login"/>
  <testcase name="testInvalidlogin" time="8.665" classname="Scenario_Component.Scenario_Login"/>
  <testcase name="testInvalidlogin" time="8.775" classname="Scenario_Component.Scenario_Login"/>
  <testcase name="testInvalidlogin" time="7.997" classname="Scenario_Component.Scenario_Login"/>
  <testcase name="testValidlogin" time="8.535" classname="Scenario_Component.Scenario_Login"/>
  <testcase name="testInvalidlogin" time="8.735" classname="Scenario_Component.Scenario_Login"/>
  <testcase name="testInvalidlogin" time="6.345" classname="Scenario_Component.Scenario_Login"/>
  <testcase name="testInvalidlogin" time="6.848" classname="Scenario_Component.Scenario_Login"/>
</testsuite> <!-- Scenario_Component.Scenario_Login -->
