<?xml version="1.0" encoding="UTF-8"?>
<!-- Generated by org.testng.reporters.JUnitReportReporter -->
<testsuite skipped="0" hostname="ajay-PC" name="ShopKeep.MyTestClass1" tests="2" failures="0" timestamp="03 Jul 2017 01:41:46 GMT" time="0.000" errors="0">
  <testcase name="myTestMethod1" time="0.000" classname="ShopKeep.MyTestClass1"/>
  <testcase name="myTestMethod2" time="0.000" classname="ShopKeep.MyTestClass1"/>
</testsuite> <!-- ShopKeep.MyTestClass1 -->
