<?xml version="1.0" encoding="UTF-8"?>
<!-- Generated by org.testng.reporters.JUnitReportReporter -->
<testsuite hostname="ajay-PC" name="herokuapp.VerifyTitle" tests="4" failures="0" timestamp="2 Jul 2017 11:19:02 GMT" time="7.224" errors="0">
  <testcase name="closeBrowser" time="0.094" classname="herokuapp.VerifyTitle"/>
  <testcase name="launchApp" time="7.094" classname="herokuapp.VerifyTitle"/>
  <testcase name="maximizeApp" time="0.020" classname="herokuapp.VerifyTitle"/>
  <testcase name="verifyTitle" time="0.016" classname="herokuapp.VerifyTitle"/>
</testsuite> <!-- herokuapp.VerifyTitle -->
