<?xml version="1.0" encoding="UTF-8"?>
<!-- Generated by org.testng.reporters.JUnitReportReporter -->
<testsuite hostname="ajay-PC" name="herokuapp.VerifyAnswerCode" tests="4" failures="0" timestamp="2 Jul 2017 11:19:02 GMT" time="10.190" errors="0">
  <testcase name="verifyCode" time="3.041" classname="herokuapp.VerifyAnswerCode"/>
  <testcase name="closeBrowser" time="0.146" classname="herokuapp.VerifyAnswerCode"/>
  <testcase name="launchApp" time="6.991" classname="herokuapp.VerifyAnswerCode"/>
  <testcase name="maximizeApp" time="0.012" classname="herokuapp.VerifyAnswerCode"/>
</testsuite> <!-- herokuapp.VerifyAnswerCode -->
