<?xml version="1.0" encoding="UTF-8"?>
<!-- Generated by org.testng.reporters.JUnitReportReporter -->
<testsuite hostname="ajay-PC" name="herokuapp.VerifyEditFunctionality" tests="4" failures="0" timestamp="2 Jul 2017 11:19:02 GMT" time="11.098" errors="0">
  <testcase name="verifyTableData" time="3.890" classname="herokuapp.VerifyEditFunctionality"/>
  <testcase name="closeBrowser" time="0.086" classname="herokuapp.VerifyEditFunctionality"/>
  <testcase name="launchApp" time="7.112" classname="herokuapp.VerifyEditFunctionality"/>
  <testcase name="maximizeApp" time="0.010" classname="herokuapp.VerifyEditFunctionality"/>
</testsuite> <!-- herokuapp.VerifyEditFunctionality -->
