<?xml version="1.0" encoding="UTF-8"?>
<!-- Generated by org.testng.reporters.JUnitReportReporter -->
<testsuite hostname="ajay-PC" name="herokuapp.VerifyDeleteFunctionality" tests="4" failures="0" timestamp="2 Jul 2017 11:19:02 GMT" time="12.644" errors="0">
  <testcase name="launchApp" time="8.639" classname="herokuapp.VerifyDeleteFunctionality"/>
  <testcase name="maximizeApp" time="0.012" classname="herokuapp.VerifyDeleteFunctionality"/>
  <testcase name="closeBrowser" time="0.104" classname="herokuapp.VerifyDeleteFunctionality"/>
  <testcase name="verifyTableData" time="3.889" classname="herokuapp.VerifyDeleteFunctionality"/>
</testsuite> <!-- herokuapp.VerifyDeleteFunctionality -->
