<?xml version="1.0" encoding="UTF-8"?>
<!-- Generated by org.testng.reporters.JUnitReportReporter -->
<testsuite hostname="ajay-PC" name="ShopKeep.TestNG_Test" tests="4" failures="0" timestamp="23 Jun 2017 02:42:25 GMT" time="0.010" errors="0">
  <testcase name="RegisterPayee" time="0.000" classname="ShopKeep.TestNG_Test"/>
  <testcase name="Login" time="0.000" classname="ShopKeep.TestNG_Test"/>
  <testcase name="TransferFund" time="0.000" classname="ShopKeep.TestNG_Test"/>
  <testcase name="Logout" time="0.010" classname="ShopKeep.TestNG_Test"/>
</testsuite> <!-- ShopKeep.TestNG_Test -->
