<?xml version="1.0" encoding="UTF-8"?>
<!-- Generated by org.testng.reporters.JUnitReportReporter -->
<testsuite hostname="ajay-PC" name="herokuapp.VerifyHeader" tests="5" failures="0" timestamp="1 Jul 2017 13:18:20 GMT" time="8.660" errors="0">
  <testcase name="closeBrowser" time="0.054" classname="herokuapp.VerifyHeader"/>
  <testcase name="launchApp" time="8.485" classname="herokuapp.VerifyHeader"/>
  <testcase name="verifyHeaderTxt" time="0.057" classname="herokuapp.VerifyHeader"/>
  <testcase name="maximizeApp" time="0.020" classname="herokuapp.VerifyHeader"/>
  <testcase name="verifyHeaderParagraph" time="0.044" classname="herokuapp.VerifyHeader"/>
</testsuite> <!-- herokuapp.VerifyHeader -->
