<?xml version="1.0" encoding="UTF-8"?>
<!-- Generated by org.testng.reporters.JUnitReportReporter -->
<testsuite hostname="ajay-PC" name="herokuapp.VerifyFooterTxt" tests="4" failures="0" timestamp="2 Jul 2017 11:19:02 GMT" time="12.936" errors="0">
  <testcase name="closeBrowser" time="0.157" classname="herokuapp.VerifyFooterTxt"/>
  <testcase name="verifyColumnHeader" time="0.107" classname="herokuapp.VerifyFooterTxt"/>
  <testcase name="launchApp" time="12.657" classname="herokuapp.VerifyFooterTxt"/>
  <testcase name="maximizeApp" time="0.015" classname="herokuapp.VerifyFooterTxt"/>
</testsuite> <!-- herokuapp.VerifyFooterTxt -->
