<?xml version="1.0" encoding="UTF-8"?>
<!-- Generated by org.testng.reporters.JUnitReportReporter -->
<testsuite hostname="ajay-PC" name="herokuapp.ColumnHeaders" tests="4" failures="0" timestamp="2 Jul 2017 11:19:02 GMT" time="9.339" errors="0">
  <testcase name="verifyColumnHeader" time="0.434" classname="herokuapp.ColumnHeaders"/>
  <testcase name="closeBrowser" time="0.109" classname="herokuapp.ColumnHeaders"/>
  <testcase name="launchApp" time="8.772" classname="herokuapp.ColumnHeaders"/>
  <testcase name="maximizeApp" time="0.024" classname="herokuapp.ColumnHeaders"/>
</testsuite> <!-- herokuapp.ColumnHeaders -->
