<?xml version="1.0" encoding="UTF-8"?>
<!-- Generated by org.testng.reporters.JUnitReportReporter -->
<testsuite hostname="ajay-PC" name="herokuapp.VerifyHeader" tests="4" failures="0" timestamp="2 Jul 2017 11:19:02 GMT" time="7.300" errors="0">
  <testcase name="verifyHeaderParagraph" time="0.083" classname="herokuapp.VerifyHeader"/>
  <testcase name="launchApp" time="7.113" classname="herokuapp.VerifyHeader"/>
  <testcase name="maximizeApp" time="0.012" classname="herokuapp.VerifyHeader"/>
  <testcase name="verifyHeaderTxt" time="0.092" classname="herokuapp.VerifyHeader"/>
</testsuite> <!-- herokuapp.VerifyHeader -->
