<?xml version="1.0" encoding="UTF-8"?>
<!-- Generated by org.testng.reporters.JUnitReportReporter -->
<testsuite hostname="ajay-PC" name="ShopKeep.MyTestClass2" tests="4" failures="0" timestamp="23 Jun 2017 03:57:40 GMT" time="0.000" errors="0">
  <testcase name="myTestMethod4" time="0.000" classname="ShopKeep.MyTestClass2"/>
  <testcase name="myTestMethod4" time="0.000" classname="ShopKeep.MyTestClass2"/>
  <testcase name="myTestMethod3" time="0.000" classname="ShopKeep.MyTestClass2"/>
  <testcase name="myTestMethod3" time="0.000" classname="ShopKeep.MyTestClass2"/>
</testsuite> <!-- ShopKeep.MyTestClass2 -->
