<?xml version="1.0" encoding="UTF-8"?>
<!-- Generated by org.testng.reporters.JUnitReportReporter -->
<testsuite skipped="0" hostname="ajay-PC" name="ShopKeep.MyTestClass2" tests="4" failures="0" timestamp="03 Jul 2017 01:41:46 GMT" time="0.020" errors="0">
  <testcase name="myTestMethod4" time="0.003" classname="ShopKeep.MyTestClass2"/>
  <testcase name="myTestMethod3" time="0.010" classname="ShopKeep.MyTestClass2"/>
  <testcase name="myTestMethod4" time="0.000" classname="ShopKeep.MyTestClass2"/>
  <testcase name="myTestMethod3" time="0.007" classname="ShopKeep.MyTestClass2"/>
</testsuite> <!-- ShopKeep.MyTestClass2 -->
