<?xml version="1.0" encoding="UTF-8"?>
<!-- Generated by org.testng.reporters.JUnitReportReporter -->
<testsuite hostname="ajay-PC" name="ShopKeep.SetPriority" tests="4" failures="0" timestamp="23 Jun 2017 02:50:26 GMT" time="0.010" errors="0">
  <testcase name="Login" time="0.010" classname="ShopKeep.SetPriority"/>
  <testcase name="checkMail" time="0.000" classname="ShopKeep.SetPriority"/>
  <testcase name="checkLogInValidations" time="0.000" classname="ShopKeep.SetPriority"/>
  <testcase name="LogOut" time="0.000" classname="ShopKeep.SetPriority"/>
</testsuite> <!-- ShopKeep.SetPriority -->
