<?xml version="1.0" encoding="UTF-8"?>
<!-- Generated by org.testng.reporters.JUnitReportReporter -->
<testsuite hostname="ajay-PC" name="herokuapp.VerifyTableData" tests="4" failures="0" timestamp="2 Jul 2017 11:19:02 GMT" time="12.329" errors="0">
  <testcase name="closeBrowser" time="0.103" classname="herokuapp.VerifyTableData"/>
  <testcase name="verifyTableData" time="4.619" classname="herokuapp.VerifyTableData"/>
  <testcase name="launchApp" time="7.590" classname="herokuapp.VerifyTableData"/>
  <testcase name="maximizeApp" time="0.017" classname="herokuapp.VerifyTableData"/>
</testsuite> <!-- herokuapp.VerifyTableData -->
