<?xml version="1.0" encoding="UTF-8"?>
<!-- Generated by org.testng.reporters.JUnitReportReporter -->
<testsuite hostname="ajay-PC" name="ShopKeep.MyTestClass1" tests="2" failures="0" timestamp="23 Jun 2017 03:57:40 GMT" time="0.010" errors="0">
  <testcase name="myTestMethod1" time="0.010" classname="ShopKeep.MyTestClass1"/>
  <testcase name="myTestMethod2" time="0.000" classname="ShopKeep.MyTestClass1"/>
</testsuite> <!-- ShopKeep.MyTestClass1 -->
