<?xml version="1.0" encoding="UTF-8"?>
<!-- Generated by org.testng.reporters.JUnitReportReporter -->
<testsuite hostname="ajay-PC" name="herokuapp.VerifyButtons" tests="4" failures="0" timestamp="2 Jul 2017 11:19:02 GMT" time="9.446" errors="0">
  <testcase name="closeBrowser" time="0.087" classname="herokuapp.VerifyButtons"/>
  <testcase name="validateButtons" time="0.256" classname="herokuapp.VerifyButtons"/>
  <testcase name="launchApp" time="7.065" classname="herokuapp.VerifyButtons"/>
  <testcase name="maximizeApp" time="2.038" classname="herokuapp.VerifyButtons"/>
</testsuite> <!-- herokuapp.VerifyButtons -->
